0 info it worked if it ends with ok
1 verbose cli [ 'node', '/usr/local/bin/npm', 'install' ]
2 info using npm@3.8.5
3 info using node@v0.10.35
4 silly loadCurrentTree Starting
5 silly install loadCurrentTree
6 silly install readLocalPackageData
7 silly install normalizeTree
8 silly loadCurrentTree Finishing
9 silly loadIdealTree Starting
10 silly install loadIdealTree
11 silly cloneCurrentTree Starting
12 silly install cloneCurrentTreeToIdealTree
13 silly cloneCurrentTree Finishing
14 silly loadShrinkwrap Starting
15 silly install loadShrinkwrap
16 silly loadShrinkwrap Finishing
17 silly loadAllDepsIntoIdealTree Starting
18 silly install loadAllDepsIntoIdealTree
19 silly loadAllDepsIntoIdealTree Finishing
20 silly idealTree:prePrune jk_backend@0.0.0
20 silly idealTree:prePrune ├── accepts@1.2.13
20 silly idealTree:prePrune ├── acorn-globals@1.0.9
20 silly idealTree:prePrune ├── acorn@2.7.0
20 silly idealTree:prePrune ├── addressparser@0.3.2
20 silly idealTree:prePrune ├── align-text@0.1.4
20 silly idealTree:prePrune ├── amdefine@1.0.0
20 silly idealTree:prePrune ├── array-flatten@1.1.1
20 silly idealTree:prePrune ├── asap@1.0.0
20 silly idealTree:prePrune ├── async@0.2.10
20 silly idealTree:prePrune ├── aws-sdk-apis@3.1.10
20 silly idealTree:prePrune ├── aws-sdk@2.0.5
20 silly idealTree:prePrune ├── balanced-match@0.4.2
20 silly idealTree:prePrune ├── basic-auth@1.0.4
20 silly idealTree:prePrune ├── bignumber.js@2.3.0
20 silly idealTree:prePrune ├── binary@0.3.0
20 silly idealTree:prePrune ├── bluebird@3.4.1
20 silly idealTree:prePrune ├── blueimp-md5@2.3.0
20 silly idealTree:prePrune ├── body-parser@1.13.3
20 silly idealTree:prePrune ├── brace-expansion@1.1.6
20 silly idealTree:prePrune ├── buffer-concat@0.0.1
20 silly idealTree:prePrune ├── buffers@0.1.1
20 silly idealTree:prePrune ├── busboy@0.2.13
20 silly idealTree:prePrune ├── bytes@2.1.0
20 silly idealTree:prePrune ├── camelcase@1.2.1
20 silly idealTree:prePrune ├── center-align@0.1.3
20 silly idealTree:prePrune ├── chainsaw@0.1.0
20 silly idealTree:prePrune ├── character-parser@1.2.1
20 silly idealTree:prePrune ├─┬ clean-css@3.4.13
20 silly idealTree:prePrune │ └── commander@2.8.1
20 silly idealTree:prePrune ├─┬ cliui@2.1.0
20 silly idealTree:prePrune │ └── wordwrap@0.0.2
20 silly idealTree:prePrune ├── colors@1.1.2
20 silly idealTree:prePrune ├── commander@2.6.0
20 silly idealTree:prePrune ├── concat-map@0.0.1
20 silly idealTree:prePrune ├── connect-busboy@0.0.2
20 silly idealTree:prePrune ├── consolidate@0.14.1
20 silly idealTree:prePrune ├── constantinople@3.0.2
20 silly idealTree:prePrune ├── content-disposition@0.5.1
20 silly idealTree:prePrune ├── content-type@1.0.2
20 silly idealTree:prePrune ├── cookie-parser@1.3.5
20 silly idealTree:prePrune ├── cookie-signature@1.0.6
20 silly idealTree:prePrune ├── cookie@0.1.3
20 silly idealTree:prePrune ├── core-util-is@1.0.2
20 silly idealTree:prePrune ├── crc32@0.2.2
20 silly idealTree:prePrune ├── css-parse@1.0.4
20 silly idealTree:prePrune ├── css-stringify@1.0.5
20 silly idealTree:prePrune ├── css@1.0.8
20 silly idealTree:prePrune ├── debug@2.2.0
20 silly idealTree:prePrune ├── decamelize@1.2.0
20 silly idealTree:prePrune ├── depd@1.0.1
20 silly idealTree:prePrune ├── destroy@1.0.4
20 silly idealTree:prePrune ├── dicer@0.2.5
20 silly idealTree:prePrune ├── directmail@0.1.8
20 silly idealTree:prePrune ├── dkim-signer@0.1.2
20 silly idealTree:prePrune ├── easyimage@2.1.0
20 silly idealTree:prePrune ├── ee-first@1.1.1
20 silly idealTree:prePrune ├─┬ encoding@0.1.12
20 silly idealTree:prePrune │ └── iconv-lite@0.4.13
20 silly idealTree:prePrune ├── escape-html@1.0.3
20 silly idealTree:prePrune ├── etag@1.7.0
20 silly idealTree:prePrune ├── express-mailer@0.3.1
20 silly idealTree:prePrune ├─┬ express@4.13.4
20 silly idealTree:prePrune │ ├── cookie@0.1.5
20 silly idealTree:prePrune │ └── depd@1.1.0
20 silly idealTree:prePrune ├── finalhandler@0.4.1
20 silly idealTree:prePrune ├── follow-redirects@0.0.3
20 silly idealTree:prePrune ├─┬ formstream@0.0.7
20 silly idealTree:prePrune │ └── mime@1.2.9
20 silly idealTree:prePrune ├── forwarded@0.1.0
20 silly idealTree:prePrune ├── fresh@0.3.0
20 silly idealTree:prePrune ├── fs.realpath@1.0.0
20 silly idealTree:prePrune ├── fstream@0.1.31
20 silly idealTree:prePrune ├─┬ geoip-lite@1.1.8
20 silly idealTree:prePrune │ ├── async@1.5.2
20 silly idealTree:prePrune │ └── iconv-lite@0.4.13
20 silly idealTree:prePrune ├── glob@7.0.6
20 silly idealTree:prePrune ├── graceful-fs@3.0.11
20 silly idealTree:prePrune ├── graceful-readlink@1.0.1
20 silly idealTree:prePrune ├── he@0.3.6
20 silly idealTree:prePrune ├── http-errors@1.3.1
20 silly idealTree:prePrune ├── iconv-lite@0.4.11
20 silly idealTree:prePrune ├── inflight@1.0.6
20 silly idealTree:prePrune ├── inherits@2.0.1
20 silly idealTree:prePrune ├── ipaddr.js@1.0.5
20 silly idealTree:prePrune ├── is-buffer@1.1.3
20 silly idealTree:prePrune ├── is-promise@2.1.0
20 silly idealTree:prePrune ├── isarray@0.0.1
20 silly idealTree:prePrune ├── jade@1.11.0
20 silly idealTree:prePrune ├── jstransformer@0.0.2
20 silly idealTree:prePrune ├── kind-of@3.0.3
20 silly idealTree:prePrune ├── lazy-cache@1.0.4
20 silly idealTree:prePrune ├── lazy@1.0.11
20 silly idealTree:prePrune ├── longest@1.0.1
20 silly idealTree:prePrune ├─┬ mailcomposer@0.2.12
20 silly idealTree:prePrune │ └── mime@1.2.11
20 silly idealTree:prePrune ├─┬ match-stream@0.0.2
20 silly idealTree:prePrune │ └── readable-stream@1.0.34
20 silly idealTree:prePrune ├── media-typer@0.3.0
20 silly idealTree:prePrune ├── merge-descriptors@1.0.1
20 silly idealTree:prePrune ├── methods@1.1.2
20 silly idealTree:prePrune ├── mime-db@1.23.0
20 silly idealTree:prePrune ├── mime-types@2.1.11
20 silly idealTree:prePrune ├── mime@1.3.4
20 silly idealTree:prePrune ├── mimelib@0.2.19
20 silly idealTree:prePrune ├── minimatch@3.0.3
20 silly idealTree:prePrune ├── minimist@0.0.8
20 silly idealTree:prePrune ├── mkdirp@0.5.1
20 silly idealTree:prePrune ├── moment@2.15.2
20 silly idealTree:prePrune ├── morgan@1.6.1
20 silly idealTree:prePrune ├── ms@0.7.1
20 silly idealTree:prePrune ├── mysql@2.10.2
20 silly idealTree:prePrune ├── natives@1.1.0
20 silly idealTree:prePrune ├── negotiator@0.5.3
20 silly idealTree:prePrune ├── nodemailer@0.7.1
20 silly idealTree:prePrune ├── on-finished@2.3.0
20 silly idealTree:prePrune ├── on-headers@1.0.1
20 silly idealTree:prePrune ├── once@1.4.0
20 silly idealTree:prePrune ├── optimist@0.3.7
20 silly idealTree:prePrune ├── over@0.0.5
20 silly idealTree:prePrune ├── parseurl@1.3.1
20 silly idealTree:prePrune ├── path-is-absolute@1.0.1
20 silly idealTree:prePrune ├── path-to-regexp@0.1.7
20 silly idealTree:prePrune ├── pause-stream@0.0.11
20 silly idealTree:prePrune ├── promise@6.1.0
20 silly idealTree:prePrune ├── proxy-addr@1.0.10
20 silly idealTree:prePrune ├── public-address@0.1.1
20 silly idealTree:prePrune ├─┬ pullstream@0.4.1
20 silly idealTree:prePrune │ └── readable-stream@1.0.34
20 silly idealTree:prePrune ├── punycode@1.2.4
20 silly idealTree:prePrune ├── q@1.4.1
20 silly idealTree:prePrune ├─┬ qiniu@6.1.11
20 silly idealTree:prePrune │ └── mime@1.2.9
20 silly idealTree:prePrune ├── qs@4.0.0
20 silly idealTree:prePrune ├── rai@0.1.12
20 silly idealTree:prePrune ├── range-parser@1.0.3
20 silly idealTree:prePrune ├─┬ raw-body@2.1.6
20 silly idealTree:prePrune │ ├── bytes@2.3.0
20 silly idealTree:prePrune │ └── iconv-lite@0.4.13
20 silly idealTree:prePrune ├── readable-stream@1.1.14
20 silly idealTree:prePrune ├── repeat-string@1.5.4
20 silly idealTree:prePrune ├── request-ip@1.2.2
20 silly idealTree:prePrune ├── right-align@0.1.3
20 silly idealTree:prePrune ├── rimraf@2.5.4
20 silly idealTree:prePrune ├── sax@0.4.2
20 silly idealTree:prePrune ├─┬ send@0.13.1
20 silly idealTree:prePrune │ ├── depd@1.1.0
20 silly idealTree:prePrune │ └── statuses@1.2.1
20 silly idealTree:prePrune ├── serve-favicon@2.3.0
20 silly idealTree:prePrune ├─┬ serve-static@1.10.3
20 silly idealTree:prePrune │ ├── depd@1.1.0
20 silly idealTree:prePrune │ ├── send@0.13.2
20 silly idealTree:prePrune │ └── statuses@1.2.1
20 silly idealTree:prePrune ├── setimmediate@1.0.5
20 silly idealTree:prePrune ├── simplesmtp@0.3.35
20 silly idealTree:prePrune ├─┬ slice-stream@1.0.0
20 silly idealTree:prePrune │ └── readable-stream@1.0.34
20 silly idealTree:prePrune ├── source-map@0.4.4
20 silly idealTree:prePrune ├── statuses@1.3.0
20 silly idealTree:prePrune ├── streamsearch@0.1.2
20 silly idealTree:prePrune ├── string_decoder@0.10.31
20 silly idealTree:prePrune ├── through@2.3.8
20 silly idealTree:prePrune ├─┬ transformers@2.1.0
20 silly idealTree:prePrune │ ├── is-promise@1.0.1
20 silly idealTree:prePrune │ ├── promise@2.0.0
20 silly idealTree:prePrune │ ├── source-map@0.1.43
20 silly idealTree:prePrune │ └── uglify-js@2.2.5
20 silly idealTree:prePrune ├── traverse@0.3.9
20 silly idealTree:prePrune ├── type-is@1.6.13
20 silly idealTree:prePrune ├─┬ uglify-js@2.6.2
20 silly idealTree:prePrune │ └── source-map@0.5.6
20 silly idealTree:prePrune ├── uglify-to-browserify@1.0.2
20 silly idealTree:prePrune ├── underscore@1.8.3
20 silly idealTree:prePrune ├── unpipe@1.0.0
20 silly idealTree:prePrune ├─┬ unzip@0.1.11
20 silly idealTree:prePrune │ └── readable-stream@1.0.34
20 silly idealTree:prePrune ├─┬ urllib@0.5.1
20 silly idealTree:prePrune │ └── debug@0.7.2
20 silly idealTree:prePrune ├── utils-merge@1.0.0
20 silly idealTree:prePrune ├── vary@1.0.1
20 silly idealTree:prePrune ├── void-elements@2.0.1
20 silly idealTree:prePrune ├── window-size@0.1.0
20 silly idealTree:prePrune ├─┬ with@4.0.3
20 silly idealTree:prePrune │ └── acorn@1.2.2
20 silly idealTree:prePrune ├── wordwrap@0.0.3
20 silly idealTree:prePrune ├── wrappy@1.0.2
20 silly idealTree:prePrune ├── xml2js@0.2.6
20 silly idealTree:prePrune ├── xmlbuilder@0.4.2
20 silly idealTree:prePrune ├── xoauth2@0.1.8
20 silly idealTree:prePrune └── yargs@3.10.0
21 silly loadIdealTree Finishing
22 silly currentTree jk_backend@0.0.0
22 silly currentTree ├── accepts@1.2.13
22 silly currentTree ├── acorn-globals@1.0.9
22 silly currentTree ├── acorn@2.7.0
22 silly currentTree ├── addressparser@0.3.2
22 silly currentTree ├── align-text@0.1.4
22 silly currentTree ├── amdefine@1.0.0
22 silly currentTree ├── array-flatten@1.1.1
22 silly currentTree ├── asap@1.0.0
22 silly currentTree ├── async@0.2.10
22 silly currentTree ├── aws-sdk-apis@3.1.10
22 silly currentTree ├── aws-sdk@2.0.5
22 silly currentTree ├── balanced-match@0.4.2
22 silly currentTree ├── basic-auth@1.0.4
22 silly currentTree ├── bignumber.js@2.3.0
22 silly currentTree ├── binary@0.3.0
22 silly currentTree ├── bluebird@3.4.1
22 silly currentTree ├── blueimp-md5@2.3.0
22 silly currentTree ├── body-parser@1.13.3
22 silly currentTree ├── brace-expansion@1.1.6
22 silly currentTree ├── buffer-concat@0.0.1
22 silly currentTree ├── buffers@0.1.1
22 silly currentTree ├── busboy@0.2.13
22 silly currentTree ├── bytes@2.1.0
22 silly currentTree ├── camelcase@1.2.1
22 silly currentTree ├── center-align@0.1.3
22 silly currentTree ├── chainsaw@0.1.0
22 silly currentTree ├── character-parser@1.2.1
22 silly currentTree ├─┬ clean-css@3.4.13
22 silly currentTree │ └── commander@2.8.1
22 silly currentTree ├─┬ cliui@2.1.0
22 silly currentTree │ └── wordwrap@0.0.2
22 silly currentTree ├── colors@1.1.2
22 silly currentTree ├── commander@2.6.0
22 silly currentTree ├── concat-map@0.0.1
22 silly currentTree ├── connect-busboy@0.0.2
22 silly currentTree ├── consolidate@0.14.1
22 silly currentTree ├── constantinople@3.0.2
22 silly currentTree ├── content-disposition@0.5.1
22 silly currentTree ├── content-type@1.0.2
22 silly currentTree ├── cookie-parser@1.3.5
22 silly currentTree ├── cookie-signature@1.0.6
22 silly currentTree ├── cookie@0.1.3
22 silly currentTree ├── core-util-is@1.0.2
22 silly currentTree ├── crc32@0.2.2
22 silly currentTree ├── css-parse@1.0.4
22 silly currentTree ├── css-stringify@1.0.5
22 silly currentTree ├── css@1.0.8
22 silly currentTree ├── debug@2.2.0
22 silly currentTree ├── decamelize@1.2.0
22 silly currentTree ├── depd@1.0.1
22 silly currentTree ├── destroy@1.0.4
22 silly currentTree ├── dicer@0.2.5
22 silly currentTree ├── directmail@0.1.8
22 silly currentTree ├── dkim-signer@0.1.2
22 silly currentTree ├── easyimage@2.1.0
22 silly currentTree ├── ee-first@1.1.1
22 silly currentTree ├─┬ encoding@0.1.12
22 silly currentTree │ └── iconv-lite@0.4.13
22 silly currentTree ├── escape-html@1.0.3
22 silly currentTree ├── etag@1.7.0
22 silly currentTree ├── express-mailer@0.3.1
22 silly currentTree ├─┬ express@4.13.4
22 silly currentTree │ ├── cookie@0.1.5
22 silly currentTree │ └── depd@1.1.0
22 silly currentTree ├── finalhandler@0.4.1
22 silly currentTree ├── follow-redirects@0.0.3
22 silly currentTree ├─┬ formstream@0.0.7
22 silly currentTree │ └── mime@1.2.9
22 silly currentTree ├── forwarded@0.1.0
22 silly currentTree ├── fresh@0.3.0
22 silly currentTree ├── fs.realpath@1.0.0
22 silly currentTree ├── fstream@0.1.31
22 silly currentTree ├─┬ geoip-lite@1.1.8
22 silly currentTree │ ├── async@1.5.2
22 silly currentTree │ └── iconv-lite@0.4.13
22 silly currentTree ├── glob@7.0.6
22 silly currentTree ├── graceful-fs@3.0.11
22 silly currentTree ├── graceful-readlink@1.0.1
22 silly currentTree ├── he@0.3.6
22 silly currentTree ├── http-errors@1.3.1
22 silly currentTree ├── iconv-lite@0.4.11
22 silly currentTree ├── inflight@1.0.6
22 silly currentTree ├── inherits@2.0.1
22 silly currentTree ├── ipaddr.js@1.0.5
22 silly currentTree ├── is-buffer@1.1.3
22 silly currentTree ├── is-promise@2.1.0
22 silly currentTree ├── isarray@0.0.1
22 silly currentTree ├── jade@1.11.0
22 silly currentTree ├── jstransformer@0.0.2
22 silly currentTree ├── kind-of@3.0.3
22 silly currentTree ├── lazy-cache@1.0.4
22 silly currentTree ├── lazy@1.0.11
22 silly currentTree ├── longest@1.0.1
22 silly currentTree ├─┬ mailcomposer@0.2.12
22 silly currentTree │ └── mime@1.2.11
22 silly currentTree ├─┬ match-stream@0.0.2
22 silly currentTree │ └── readable-stream@1.0.34
22 silly currentTree ├── media-typer@0.3.0
22 silly currentTree ├── merge-descriptors@1.0.1
22 silly currentTree ├── methods@1.1.2
22 silly currentTree ├── mime-db@1.23.0
22 silly currentTree ├── mime-types@2.1.11
22 silly currentTree ├── mime@1.3.4
22 silly currentTree ├── mimelib@0.2.19
22 silly currentTree ├── minimatch@3.0.3
22 silly currentTree ├── minimist@0.0.8
22 silly currentTree ├── mkdirp@0.5.1
22 silly currentTree ├── moment@2.15.2
22 silly currentTree ├── morgan@1.6.1
22 silly currentTree ├── ms@0.7.1
22 silly currentTree ├── mysql@2.10.2
22 silly currentTree ├── natives@1.1.0
22 silly currentTree ├── negotiator@0.5.3
22 silly currentTree ├── nodemailer@0.7.1
22 silly currentTree ├── on-finished@2.3.0
22 silly currentTree ├── on-headers@1.0.1
22 silly currentTree ├── once@1.4.0
22 silly currentTree ├── optimist@0.3.7
22 silly currentTree ├── over@0.0.5
22 silly currentTree ├── parseurl@1.3.1
22 silly currentTree ├── path-is-absolute@1.0.1
22 silly currentTree ├── path-to-regexp@0.1.7
22 silly currentTree ├── pause-stream@0.0.11
22 silly currentTree ├── promise@6.1.0
22 silly currentTree ├── proxy-addr@1.0.10
22 silly currentTree ├── public-address@0.1.1
22 silly currentTree ├─┬ pullstream@0.4.1
22 silly currentTree │ └── readable-stream@1.0.34
22 silly currentTree ├── punycode@1.2.4
22 silly currentTree ├── q@1.4.1
22 silly currentTree ├─┬ qiniu@6.1.11
22 silly currentTree │ └── mime@1.2.9
22 silly currentTree ├── qs@4.0.0
22 silly currentTree ├── rai@0.1.12
22 silly currentTree ├── range-parser@1.0.3
22 silly currentTree ├─┬ raw-body@2.1.6
22 silly currentTree │ ├── bytes@2.3.0
22 silly currentTree │ └── iconv-lite@0.4.13
22 silly currentTree ├── readable-stream@1.1.14
22 silly currentTree ├── repeat-string@1.5.4
22 silly currentTree ├── request-ip@1.2.2
22 silly currentTree ├── right-align@0.1.3
22 silly currentTree ├── rimraf@2.5.4
22 silly currentTree ├── sax@0.4.2
22 silly currentTree ├─┬ send@0.13.1
22 silly currentTree │ ├── depd@1.1.0
22 silly currentTree │ └── statuses@1.2.1
22 silly currentTree ├── serve-favicon@2.3.0
22 silly currentTree ├─┬ serve-static@1.10.3
22 silly currentTree │ ├── depd@1.1.0
22 silly currentTree │ ├── send@0.13.2
22 silly currentTree │ └── statuses@1.2.1
22 silly currentTree ├── setimmediate@1.0.5
22 silly currentTree ├── simplesmtp@0.3.35
22 silly currentTree ├─┬ slice-stream@1.0.0
22 silly currentTree │ └── readable-stream@1.0.34
22 silly currentTree ├── source-map@0.4.4
22 silly currentTree ├── statuses@1.3.0
22 silly currentTree ├── streamsearch@0.1.2
22 silly currentTree ├── string_decoder@0.10.31
22 silly currentTree ├── through@2.3.8
22 silly currentTree ├─┬ transformers@2.1.0
22 silly currentTree │ ├── is-promise@1.0.1
22 silly currentTree │ ├── promise@2.0.0
22 silly currentTree │ ├── source-map@0.1.43
22 silly currentTree │ └── uglify-js@2.2.5
22 silly currentTree ├── traverse@0.3.9
22 silly currentTree ├── type-is@1.6.13
22 silly currentTree ├─┬ uglify-js@2.6.2
22 silly currentTree │ └── source-map@0.5.6
22 silly currentTree ├── uglify-to-browserify@1.0.2
22 silly currentTree ├── underscore@1.8.3
22 silly currentTree ├── unpipe@1.0.0
22 silly currentTree ├─┬ unzip@0.1.11
22 silly currentTree │ └── readable-stream@1.0.34
22 silly currentTree ├─┬ urllib@0.5.1
22 silly currentTree │ └── debug@0.7.2
22 silly currentTree ├── utils-merge@1.0.0
22 silly currentTree ├── vary@1.0.1
22 silly currentTree ├── void-elements@2.0.1
22 silly currentTree ├── window-size@0.1.0
22 silly currentTree ├─┬ with@4.0.3
22 silly currentTree │ └── acorn@1.2.2
22 silly currentTree ├── wordwrap@0.0.3
22 silly currentTree ├── wrappy@1.0.2
22 silly currentTree ├── xml2js@0.2.6
22 silly currentTree ├── xmlbuilder@0.4.2
22 silly currentTree ├── xoauth2@0.1.8
22 silly currentTree └── yargs@3.10.0
23 silly idealTree jk_backend@0.0.0
23 silly idealTree ├── accepts@1.2.13
23 silly idealTree ├── acorn-globals@1.0.9
23 silly idealTree ├── acorn@2.7.0
23 silly idealTree ├── addressparser@0.3.2
23 silly idealTree ├── align-text@0.1.4
23 silly idealTree ├── amdefine@1.0.0
23 silly idealTree ├── array-flatten@1.1.1
23 silly idealTree ├── asap@1.0.0
23 silly idealTree ├── async@0.2.10
23 silly idealTree ├── aws-sdk-apis@3.1.10
23 silly idealTree ├── aws-sdk@2.0.5
23 silly idealTree ├── balanced-match@0.4.2
23 silly idealTree ├── basic-auth@1.0.4
23 silly idealTree ├── bignumber.js@2.3.0
23 silly idealTree ├── binary@0.3.0
23 silly idealTree ├── bluebird@3.4.1
23 silly idealTree ├── blueimp-md5@2.3.0
23 silly idealTree ├── body-parser@1.13.3
23 silly idealTree ├── brace-expansion@1.1.6
23 silly idealTree ├── buffer-concat@0.0.1
23 silly idealTree ├── buffers@0.1.1
23 silly idealTree ├── busboy@0.2.13
23 silly idealTree ├── bytes@2.1.0
23 silly idealTree ├── camelcase@1.2.1
23 silly idealTree ├── center-align@0.1.3
23 silly idealTree ├── chainsaw@0.1.0
23 silly idealTree ├── character-parser@1.2.1
23 silly idealTree ├─┬ clean-css@3.4.13
23 silly idealTree │ └── commander@2.8.1
23 silly idealTree ├─┬ cliui@2.1.0
23 silly idealTree │ └── wordwrap@0.0.2
23 silly idealTree ├── colors@1.1.2
23 silly idealTree ├── commander@2.6.0
23 silly idealTree ├── concat-map@0.0.1
23 silly idealTree ├── connect-busboy@0.0.2
23 silly idealTree ├── consolidate@0.14.1
23 silly idealTree ├── constantinople@3.0.2
23 silly idealTree ├── content-disposition@0.5.1
23 silly idealTree ├── content-type@1.0.2
23 silly idealTree ├── cookie-parser@1.3.5
23 silly idealTree ├── cookie-signature@1.0.6
23 silly idealTree ├── cookie@0.1.3
23 silly idealTree ├── core-util-is@1.0.2
23 silly idealTree ├── crc32@0.2.2
23 silly idealTree ├── css-parse@1.0.4
23 silly idealTree ├── css-stringify@1.0.5
23 silly idealTree ├── css@1.0.8
23 silly idealTree ├── debug@2.2.0
23 silly idealTree ├── decamelize@1.2.0
23 silly idealTree ├── depd@1.0.1
23 silly idealTree ├── destroy@1.0.4
23 silly idealTree ├── dicer@0.2.5
23 silly idealTree ├── directmail@0.1.8
23 silly idealTree ├── dkim-signer@0.1.2
23 silly idealTree ├── easyimage@2.1.0
23 silly idealTree ├── ee-first@1.1.1
23 silly idealTree ├─┬ encoding@0.1.12
23 silly idealTree │ └── iconv-lite@0.4.13
23 silly idealTree ├── escape-html@1.0.3
23 silly idealTree ├── etag@1.7.0
23 silly idealTree ├── express-mailer@0.3.1
23 silly idealTree ├─┬ express@4.13.4
23 silly idealTree │ ├── cookie@0.1.5
23 silly idealTree │ └── depd@1.1.0
23 silly idealTree ├── finalhandler@0.4.1
23 silly idealTree ├── follow-redirects@0.0.3
23 silly idealTree ├─┬ formstream@0.0.7
23 silly idealTree │ └── mime@1.2.9
23 silly idealTree ├── forwarded@0.1.0
23 silly idealTree ├── fresh@0.3.0
23 silly idealTree ├── fs.realpath@1.0.0
23 silly idealTree ├── fstream@0.1.31
23 silly idealTree ├─┬ geoip-lite@1.1.8
23 silly idealTree │ ├── async@1.5.2
23 silly idealTree │ └── iconv-lite@0.4.13
23 silly idealTree ├── glob@7.0.6
23 silly idealTree ├── graceful-fs@3.0.11
23 silly idealTree ├── graceful-readlink@1.0.1
23 silly idealTree ├── he@0.3.6
23 silly idealTree ├── http-errors@1.3.1
23 silly idealTree ├── iconv-lite@0.4.11
23 silly idealTree ├── inflight@1.0.6
23 silly idealTree ├── inherits@2.0.1
23 silly idealTree ├── ipaddr.js@1.0.5
23 silly idealTree ├── is-buffer@1.1.3
23 silly idealTree ├── is-promise@2.1.0
23 silly idealTree ├── isarray@0.0.1
23 silly idealTree ├── jade@1.11.0
23 silly idealTree ├── jstransformer@0.0.2
23 silly idealTree ├── kind-of@3.0.3
23 silly idealTree ├── lazy-cache@1.0.4
23 silly idealTree ├── lazy@1.0.11
23 silly idealTree ├── longest@1.0.1
23 silly idealTree ├─┬ mailcomposer@0.2.12
23 silly idealTree │ └── mime@1.2.11
23 silly idealTree ├─┬ match-stream@0.0.2
23 silly idealTree │ └── readable-stream@1.0.34
23 silly idealTree ├── media-typer@0.3.0
23 silly idealTree ├── merge-descriptors@1.0.1
23 silly idealTree ├── methods@1.1.2
23 silly idealTree ├── mime-db@1.23.0
23 silly idealTree ├── mime-types@2.1.11
23 silly idealTree ├── mime@1.3.4
23 silly idealTree ├── mimelib@0.2.19
23 silly idealTree ├── minimatch@3.0.3
23 silly idealTree ├── minimist@0.0.8
23 silly idealTree ├── mkdirp@0.5.1
23 silly idealTree ├── moment@2.15.2
23 silly idealTree ├── morgan@1.6.1
23 silly idealTree ├── ms@0.7.1
23 silly idealTree ├── mysql@2.10.2
23 silly idealTree ├── natives@1.1.0
23 silly idealTree ├── negotiator@0.5.3
23 silly idealTree ├── nodemailer@0.7.1
23 silly idealTree ├── on-finished@2.3.0
23 silly idealTree ├── on-headers@1.0.1
23 silly idealTree ├── once@1.4.0
23 silly idealTree ├── optimist@0.3.7
23 silly idealTree ├── over@0.0.5
23 silly idealTree ├── parseurl@1.3.1
23 silly idealTree ├── path-is-absolute@1.0.1
23 silly idealTree ├── path-to-regexp@0.1.7
23 silly idealTree ├── pause-stream@0.0.11
23 silly idealTree ├── promise@6.1.0
23 silly idealTree ├── proxy-addr@1.0.10
23 silly idealTree ├── public-address@0.1.1
23 silly idealTree ├─┬ pullstream@0.4.1
23 silly idealTree │ └── readable-stream@1.0.34
23 silly idealTree ├── punycode@1.2.4
23 silly idealTree ├── q@1.4.1
23 silly idealTree ├─┬ qiniu@6.1.11
23 silly idealTree │ └── mime@1.2.9
23 silly idealTree ├── qs@4.0.0
23 silly idealTree ├── rai@0.1.12
23 silly idealTree ├── range-parser@1.0.3
23 silly idealTree ├─┬ raw-body@2.1.6
23 silly idealTree │ ├── bytes@2.3.0
23 silly idealTree │ └── iconv-lite@0.4.13
23 silly idealTree ├── readable-stream@1.1.14
23 silly idealTree ├── repeat-string@1.5.4
23 silly idealTree ├── request-ip@1.2.2
23 silly idealTree ├── right-align@0.1.3
23 silly idealTree ├── rimraf@2.5.4
23 silly idealTree ├── sax@0.4.2
23 silly idealTree ├─┬ send@0.13.1
23 silly idealTree │ ├── depd@1.1.0
23 silly idealTree │ └── statuses@1.2.1
23 silly idealTree ├── serve-favicon@2.3.0
23 silly idealTree ├─┬ serve-static@1.10.3
23 silly idealTree │ ├── depd@1.1.0
23 silly idealTree │ ├── send@0.13.2
23 silly idealTree │ └── statuses@1.2.1
23 silly idealTree ├── setimmediate@1.0.5
23 silly idealTree ├── simplesmtp@0.3.35
23 silly idealTree ├─┬ slice-stream@1.0.0
23 silly idealTree │ └── readable-stream@1.0.34
23 silly idealTree ├── source-map@0.4.4
23 silly idealTree ├── statuses@1.3.0
23 silly idealTree ├── streamsearch@0.1.2
23 silly idealTree ├── string_decoder@0.10.31
23 silly idealTree ├── through@2.3.8
23 silly idealTree ├─┬ transformers@2.1.0
23 silly idealTree │ ├── is-promise@1.0.1
23 silly idealTree │ ├── promise@2.0.0
23 silly idealTree │ ├── source-map@0.1.43
23 silly idealTree │ └── uglify-js@2.2.5
23 silly idealTree ├── traverse@0.3.9
23 silly idealTree ├── type-is@1.6.13
23 silly idealTree ├─┬ uglify-js@2.6.2
23 silly idealTree │ └── source-map@0.5.6
23 silly idealTree ├── uglify-to-browserify@1.0.2
23 silly idealTree ├── underscore@1.8.3
23 silly idealTree ├── unpipe@1.0.0
23 silly idealTree ├─┬ unzip@0.1.11
23 silly idealTree │ └── readable-stream@1.0.34
23 silly idealTree ├─┬ urllib@0.5.1
23 silly idealTree │ └── debug@0.7.2
23 silly idealTree ├── utils-merge@1.0.0
23 silly idealTree ├── vary@1.0.1
23 silly idealTree ├── void-elements@2.0.1
23 silly idealTree ├── window-size@0.1.0
23 silly idealTree ├─┬ with@4.0.3
23 silly idealTree │ └── acorn@1.2.2
23 silly idealTree ├── wordwrap@0.0.3
23 silly idealTree ├── wrappy@1.0.2
23 silly idealTree ├── xml2js@0.2.6
23 silly idealTree ├── xmlbuilder@0.4.2
23 silly idealTree ├── xoauth2@0.1.8
23 silly idealTree └── yargs@3.10.0
24 silly generateActionsToTake Starting
25 silly install generateActionsToTake
26 silly generateActionsToTake Finishing
27 silly diffTrees action count 9
28 silly diffTrees update blueimp-md5@2.3.0
29 silly diffTrees update connect-busboy@0.0.2
30 silly diffTrees update consolidate@0.14.1
31 silly diffTrees update easyimage@2.1.0
32 silly diffTrees update express-mailer@0.3.1
33 silly diffTrees update geoip-lite@1.1.8
34 silly diffTrees update moment@2.15.2
35 silly diffTrees update mysql@2.10.2
36 silly diffTrees update qiniu@6.1.11
37 silly decomposeActions action count 72
38 silly decomposeActions fetch blueimp-md5@2.3.0
39 silly decomposeActions extract blueimp-md5@2.3.0
40 silly decomposeActions test blueimp-md5@2.3.0
41 silly decomposeActions preinstall blueimp-md5@2.3.0
42 silly decomposeActions build blueimp-md5@2.3.0
43 silly decomposeActions install blueimp-md5@2.3.0
44 silly decomposeActions postinstall blueimp-md5@2.3.0
45 silly decomposeActions finalize blueimp-md5@2.3.0
46 silly decomposeActions fetch connect-busboy@0.0.2
47 silly decomposeActions extract connect-busboy@0.0.2
48 silly decomposeActions test connect-busboy@0.0.2
49 silly decomposeActions preinstall connect-busboy@0.0.2
50 silly decomposeActions build connect-busboy@0.0.2
51 silly decomposeActions install connect-busboy@0.0.2
52 silly decomposeActions postinstall connect-busboy@0.0.2
53 silly decomposeActions finalize connect-busboy@0.0.2
54 silly decomposeActions fetch consolidate@0.14.1
55 silly decomposeActions extract consolidate@0.14.1
56 silly decomposeActions test consolidate@0.14.1
57 silly decomposeActions preinstall consolidate@0.14.1
58 silly decomposeActions build consolidate@0.14.1
59 silly decomposeActions install consolidate@0.14.1
60 silly decomposeActions postinstall consolidate@0.14.1
61 silly decomposeActions finalize consolidate@0.14.1
62 silly decomposeActions fetch easyimage@2.1.0
63 silly decomposeActions extract easyimage@2.1.0
64 silly decomposeActions test easyimage@2.1.0
65 silly decomposeActions preinstall easyimage@2.1.0
66 silly decomposeActions build easyimage@2.1.0
67 silly decomposeActions install easyimage@2.1.0
68 silly decomposeActions postinstall easyimage@2.1.0
69 silly decomposeActions finalize easyimage@2.1.0
70 silly decomposeActions fetch express-mailer@0.3.1
71 silly decomposeActions extract express-mailer@0.3.1
72 silly decomposeActions test express-mailer@0.3.1
73 silly decomposeActions preinstall express-mailer@0.3.1
74 silly decomposeActions build express-mailer@0.3.1
75 silly decomposeActions install express-mailer@0.3.1
76 silly decomposeActions postinstall express-mailer@0.3.1
77 silly decomposeActions finalize express-mailer@0.3.1
78 silly decomposeActions fetch geoip-lite@1.1.8
79 silly decomposeActions extract geoip-lite@1.1.8
80 silly decomposeActions test geoip-lite@1.1.8
81 silly decomposeActions preinstall geoip-lite@1.1.8
82 silly decomposeActions build geoip-lite@1.1.8
83 silly decomposeActions install geoip-lite@1.1.8
84 silly decomposeActions postinstall geoip-lite@1.1.8
85 silly decomposeActions finalize geoip-lite@1.1.8
86 silly decomposeActions fetch moment@2.15.2
87 silly decomposeActions extract moment@2.15.2
88 silly decomposeActions test moment@2.15.2
89 silly decomposeActions preinstall moment@2.15.2
90 silly decomposeActions build moment@2.15.2
91 silly decomposeActions install moment@2.15.2
92 silly decomposeActions postinstall moment@2.15.2
93 silly decomposeActions finalize moment@2.15.2
94 silly decomposeActions fetch mysql@2.10.2
95 silly decomposeActions extract mysql@2.10.2
96 silly decomposeActions test mysql@2.10.2
97 silly decomposeActions preinstall mysql@2.10.2
98 silly decomposeActions build mysql@2.10.2
99 silly decomposeActions install mysql@2.10.2
100 silly decomposeActions postinstall mysql@2.10.2
101 silly decomposeActions finalize mysql@2.10.2
102 silly decomposeActions fetch qiniu@6.1.11
103 silly decomposeActions extract qiniu@6.1.11
104 silly decomposeActions test qiniu@6.1.11
105 silly decomposeActions preinstall qiniu@6.1.11
106 silly decomposeActions build qiniu@6.1.11
107 silly decomposeActions install qiniu@6.1.11
108 silly decomposeActions postinstall qiniu@6.1.11
109 silly decomposeActions finalize qiniu@6.1.11
110 silly executeActions Starting
111 silly install executeActions
112 silly doSerial global-install 0
113 silly doParallel fetch 9
114 verbose correctMkdir /Users/yao/.npm/_locks correctMkdir not in flight; initializing
115 verbose lock using /Users/yao/.npm/_locks/staging-3a3fce62cba102ce.lock for /Users/yao/WebstormProjects/jk_backend/node_modules/.staging
116 silly doParallel extract 9
117 silly extract blueimp-md5@2.3.0
118 silly extract connect-busboy@0.0.2
119 silly extract consolidate@0.14.1
120 silly extract easyimage@2.1.0
121 silly extract express-mailer@0.3.1
122 silly extract geoip-lite@1.1.8
123 silly extract moment@2.15.2
124 silly extract mysql@2.10.2
125 silly extract qiniu@6.1.11
126 verbose unbuild node_modules/.staging/blueimp-md5-bb4b9091
127 verbose unbuild node_modules/.staging/easyimage-a2005f7c
128 verbose unbuild node_modules/.staging/consolidate-ae69261f
129 verbose unbuild node_modules/.staging/connect-busboy-169f987d
130 verbose unbuild node_modules/.staging/express-mailer-7d3e87a3
131 verbose unbuild node_modules/.staging/geoip-lite-54bd1924
132 verbose unbuild node_modules/.staging/mysql-bde6c6cb
133 verbose unbuild node_modules/.staging/moment-a08c696c
134 silly gentlyRm /Users/yao/WebstormProjects/jk_backend/node_modules/.staging/blueimp-md5-bb4b9091 is being purged from base /Users/yao/WebstormProjects/jk_backend
135 verbose gentlyRm don't care about contents; nuking /Users/yao/WebstormProjects/jk_backend/node_modules/.staging/blueimp-md5-bb4b9091
136 silly gentlyRm /Users/yao/WebstormProjects/jk_backend/node_modules/.staging/easyimage-a2005f7c is being purged from base /Users/yao/WebstormProjects/jk_backend
137 verbose gentlyRm don't care about contents; nuking /Users/yao/WebstormProjects/jk_backend/node_modules/.staging/easyimage-a2005f7c
138 silly gentlyRm /Users/yao/WebstormProjects/jk_backend/node_modules/.staging/consolidate-ae69261f is being purged from base /Users/yao/WebstormProjects/jk_backend
139 verbose gentlyRm don't care about contents; nuking /Users/yao/WebstormProjects/jk_backend/node_modules/.staging/consolidate-ae69261f
140 silly gentlyRm /Users/yao/WebstormProjects/jk_backend/node_modules/.staging/connect-busboy-169f987d is being purged from base /Users/yao/WebstormProjects/jk_backend
141 verbose gentlyRm don't care about contents; nuking /Users/yao/WebstormProjects/jk_backend/node_modules/.staging/connect-busboy-169f987d
142 verbose tar unpack /Users/yao/.npm/blueimp-md5/2.3.0/package.tgz
143 verbose tar unpacking to /Users/yao/WebstormProjects/jk_backend/node_modules/.staging/blueimp-md5-bb4b9091
144 silly gentlyRm /Users/yao/WebstormProjects/jk_backend/node_modules/.staging/blueimp-md5-bb4b9091 is being purged
145 verbose gentlyRm don't care about contents; nuking /Users/yao/WebstormProjects/jk_backend/node_modules/.staging/blueimp-md5-bb4b9091
146 verbose tar unpack /Users/yao/.npm/easyimage/2.1.0/package.tgz
147 verbose tar unpacking to /Users/yao/WebstormProjects/jk_backend/node_modules/.staging/easyimage-a2005f7c
148 silly gentlyRm /Users/yao/WebstormProjects/jk_backend/node_modules/.staging/easyimage-a2005f7c is being purged
149 verbose gentlyRm don't care about contents; nuking /Users/yao/WebstormProjects/jk_backend/node_modules/.staging/easyimage-a2005f7c
150 verbose tar unpack /Users/yao/.npm/consolidate/0.14.1/package.tgz
151 verbose tar unpacking to /Users/yao/WebstormProjects/jk_backend/node_modules/.staging/consolidate-ae69261f
152 silly gentlyRm /Users/yao/WebstormProjects/jk_backend/node_modules/.staging/consolidate-ae69261f is being purged
153 verbose gentlyRm don't care about contents; nuking /Users/yao/WebstormProjects/jk_backend/node_modules/.staging/consolidate-ae69261f
154 verbose tar unpack /Users/yao/.npm/connect-busboy/0.0.2/package.tgz
155 verbose tar unpacking to /Users/yao/WebstormProjects/jk_backend/node_modules/.staging/connect-busboy-169f987d
156 silly gentlyRm /Users/yao/WebstormProjects/jk_backend/node_modules/.staging/connect-busboy-169f987d is being purged
157 verbose gentlyRm don't care about contents; nuking /Users/yao/WebstormProjects/jk_backend/node_modules/.staging/connect-busboy-169f987d
158 verbose unbuild node_modules/.staging/qiniu-c7a46812
159 silly gentlyRm /Users/yao/WebstormProjects/jk_backend/node_modules/.staging/express-mailer-7d3e87a3 is being purged from base /Users/yao/WebstormProjects/jk_backend
160 verbose gentlyRm don't care about contents; nuking /Users/yao/WebstormProjects/jk_backend/node_modules/.staging/express-mailer-7d3e87a3
161 silly gentlyRm /Users/yao/WebstormProjects/jk_backend/node_modules/.staging/geoip-lite-54bd1924 is being purged from base /Users/yao/WebstormProjects/jk_backend
162 verbose gentlyRm don't care about contents; nuking /Users/yao/WebstormProjects/jk_backend/node_modules/.staging/geoip-lite-54bd1924
163 silly gentlyRm /Users/yao/WebstormProjects/jk_backend/node_modules/.staging/mysql-bde6c6cb is being purged from base /Users/yao/WebstormProjects/jk_backend
164 verbose gentlyRm don't care about contents; nuking /Users/yao/WebstormProjects/jk_backend/node_modules/.staging/mysql-bde6c6cb
165 silly gentlyRm /Users/yao/WebstormProjects/jk_backend/node_modules/.staging/moment-a08c696c is being purged from base /Users/yao/WebstormProjects/jk_backend
166 verbose gentlyRm don't care about contents; nuking /Users/yao/WebstormProjects/jk_backend/node_modules/.staging/moment-a08c696c
167 silly gunzTarPerm modes [ '755', '644' ]
168 silly gunzTarPerm modes [ '755', '644' ]
169 silly gunzTarPerm modes [ '755', '644' ]
170 silly gunzTarPerm modes [ '755', '644' ]
171 verbose tar unpack /Users/yao/.npm/express-mailer/0.3.1/package.tgz
172 verbose tar unpacking to /Users/yao/WebstormProjects/jk_backend/node_modules/.staging/express-mailer-7d3e87a3
173 silly gentlyRm /Users/yao/WebstormProjects/jk_backend/node_modules/.staging/express-mailer-7d3e87a3 is being purged
174 verbose gentlyRm don't care about contents; nuking /Users/yao/WebstormProjects/jk_backend/node_modules/.staging/express-mailer-7d3e87a3
175 verbose tar unpack /Users/yao/.npm/geoip-lite/1.1.8/package.tgz
176 verbose tar unpacking to /Users/yao/WebstormProjects/jk_backend/node_modules/.staging/geoip-lite-54bd1924
177 silly gentlyRm /Users/yao/WebstormProjects/jk_backend/node_modules/.staging/geoip-lite-54bd1924 is being purged
178 verbose gentlyRm don't care about contents; nuking /Users/yao/WebstormProjects/jk_backend/node_modules/.staging/geoip-lite-54bd1924
179 verbose tar unpack /Users/yao/.npm/mysql/2.10.2/package.tgz
180 verbose tar unpacking to /Users/yao/WebstormProjects/jk_backend/node_modules/.staging/mysql-bde6c6cb
181 silly gentlyRm /Users/yao/WebstormProjects/jk_backend/node_modules/.staging/mysql-bde6c6cb is being purged
182 verbose gentlyRm don't care about contents; nuking /Users/yao/WebstormProjects/jk_backend/node_modules/.staging/mysql-bde6c6cb
183 verbose tar unpack /Users/yao/.npm/moment/2.15.2/package.tgz
184 verbose tar unpacking to /Users/yao/WebstormProjects/jk_backend/node_modules/.staging/moment-a08c696c
185 silly gentlyRm /Users/yao/WebstormProjects/jk_backend/node_modules/.staging/moment-a08c696c is being purged
186 verbose gentlyRm don't care about contents; nuking /Users/yao/WebstormProjects/jk_backend/node_modules/.staging/moment-a08c696c
187 silly gentlyRm /Users/yao/WebstormProjects/jk_backend/node_modules/.staging/qiniu-c7a46812 is being purged from base /Users/yao/WebstormProjects/jk_backend
188 verbose gentlyRm don't care about contents; nuking /Users/yao/WebstormProjects/jk_backend/node_modules/.staging/qiniu-c7a46812
189 silly gunzTarPerm modes [ '755', '644' ]
190 silly gunzTarPerm modes [ '755', '644' ]
191 silly gunzTarPerm modes [ '755', '644' ]
192 silly gunzTarPerm modes [ '755', '644' ]
193 verbose tar unpack /Users/yao/.npm/qiniu/6.1.11/package.tgz
194 verbose tar unpacking to /Users/yao/WebstormProjects/jk_backend/node_modules/.staging/qiniu-c7a46812
195 silly gentlyRm /Users/yao/WebstormProjects/jk_backend/node_modules/.staging/qiniu-c7a46812 is being purged
196 verbose gentlyRm don't care about contents; nuking /Users/yao/WebstormProjects/jk_backend/node_modules/.staging/qiniu-c7a46812
197 silly gunzTarPerm modes [ '755', '644' ]
198 silly gunzTarPerm extractEntry package.json
199 silly gunzTarPerm extractEntry package.json
200 silly gunzTarPerm extractEntry package.json
201 silly gunzTarPerm extractEntry
202 silly gunzTarPerm modified mode [ '', 509, 493 ]
203 silly gunzTarPerm extractEntry package.json
204 silly gunzTarPerm extractEntry package.json
205 silly gunzTarPerm extractEntry package.json
206 silly gunzTarPerm extractEntry package.json
207 silly gunzTarPerm extractEntry package.json
208 silly gunzTarPerm extractEntry .npmignore
209 silly gunzTarPerm extractEntry README.md
210 silly gunzTarPerm extractEntry .npmignore
211 silly gunzTarPerm extractEntry README.md
212 silly gunzTarPerm extractEntry .npmignore
213 silly gunzTarPerm extractEntry index.js
214 silly gunzTarPerm extractEntry LICENSE
215 silly gunzTarPerm modified mode [ 'LICENSE', 436, 420 ]
216 silly gunzTarPerm extractEntry README.md
217 silly gunzTarPerm modified mode [ 'README.md', 436, 420 ]
218 silly gunzTarPerm extractEntry index.js
219 silly gunzTarPerm modified mode [ 'index.js', 436, 420 ]
220 silly gunzTarPerm extractEntry .npmignore
221 silly gunzTarPerm extractEntry index.js
222 silly gunzTarPerm extractEntry index.js
223 silly gunzTarPerm extractEntry Changes.md
224 silly gunzTarPerm extractEntry README.md
225 silly gunzTarPerm extractEntry LICENSE
226 silly gunzTarPerm extractEntry README.md
227 silly gunzTarPerm extractEntry LICENSE
228 silly gunzTarPerm extractEntry .npmignore
229 silly gunzTarPerm extractEntry README.md
230 silly gunzTarPerm extractEntry package.json
231 silly gunzTarPerm modified mode [ 'package.json', 436, 420 ]
232 silly gunzTarPerm extractEntry easyimage.js
233 silly gunzTarPerm extractEntry .travis.yml
234 silly gunzTarPerm extractEntry CHANGELOG.md
235 silly gunzTarPerm extractEntry test/test.js
236 silly gunzTarPerm extractEntry test/yolo.png
237 silly gunzTarPerm extractEntry css/demo.css
238 silly gunzTarPerm extractEntry index.html
239 silly gunzTarPerm extractEntry Readme.md
240 silly gunzTarPerm extractEntry History.md
241 silly gunzTarPerm extractEntry lib/express-mailer.js
242 silly gunzTarPerm extractEntry readme.md
243 silly gunzTarPerm extractEntry License
244 silly gunzTarPerm extractEntry data/geoip-city-names.dat
245 silly gunzTarPerm extractEntry index.js
246 silly gunzTarPerm extractEntry CHANGELOG.md
247 silly gunzTarPerm extractEntry ender.js
248 silly gunzTarPerm extractEntry moment.js
249 silly gunzTarPerm extractEntry Makefile
250 silly gunzTarPerm extractEntry js/demo.js
251 silly gunzTarPerm extractEntry js/md5.js
252 silly gunzTarPerm extractEntry gopher.png
253 silly gunzTarPerm extractEntry qiniu/conf.js
254 silly gunzTarPerm extractEntry lib/consolidate.js
255 silly gunzTarPerm extractEntry .travis.yml
256 silly gunzTarPerm extractEntry package.js
257 silly gunzTarPerm extractEntry Readme.md
258 silly gunzTarPerm extractEntry lib/Connection.js
259 silly gunzTarPerm extractEntry js/md5.min.js
260 silly gunzTarPerm extractEntry qiniu/fop.js
261 silly gunzTarPerm extractEntry min/locales.js
262 silly gunzTarPerm extractEntry min/locales.min.js
263 silly gunzTarPerm extractEntry qiniu/io.js
264 silly gunzTarPerm extractEntry qiniu/rpc.js
265 silly gunzTarPerm extractEntry js/md5.min.js.map
266 silly gunzTarPerm extractEntry .travis.yml
267 silly gunzTarPerm extractEntry test/test.js
268 silly gunzTarPerm extractEntry test/index.html
269 silly gunzTarPerm extractEntry qiniu/rs.js
270 silly gunzTarPerm extractEntry qiniu/rsf.js
271 silly gentlyRm /Users/yao/WebstormProjects/jk_backend/node_modules/.staging/connect-busboy-169f987d/node_modules is being purged
272 verbose gentlyRm don't care about contents; nuking /Users/yao/WebstormProjects/jk_backend/node_modules/.staging/connect-busboy-169f987d/node_modules
273 silly gunzTarPerm extractEntry test/vendor/expect.js
274 silly gunzTarPerm extractEntry test/vendor/mocha.js
275 silly gunzTarPerm extractEntry lib/ConnectionConfig.js
276 silly gunzTarPerm extractEntry lib/Pool.js
277 silly gunzTarPerm extractEntry qiniu/util.js
278 silly gunzTarPerm extractEntry qiniu/auth/digest.js
279 silly gunzTarPerm extractEntry lib/PoolCluster.js
280 silly gunzTarPerm extractEntry lib/PoolConfig.js
281 silly gunzTarPerm extractEntry lib/PoolConnection.js
282 silly gentlyRm /Users/yao/WebstormProjects/jk_backend/node_modules/.staging/express-mailer-7d3e87a3/node_modules is being purged
283 verbose gentlyRm don't care about contents; nuking /Users/yao/WebstormProjects/jk_backend/node_modules/.staging/express-mailer-7d3e87a3/node_modules
284 silly gunzTarPerm extractEntry test/vendor/mocha.css
285 silly gunzTarPerm extractEntry lib/PoolNamespace.js
286 silly gentlyRm /Users/yao/WebstormProjects/jk_backend/node_modules/.staging/easyimage-a2005f7c/node_modules is being purged
287 verbose gentlyRm don't care about contents; nuking /Users/yao/WebstormProjects/jk_backend/node_modules/.staging/easyimage-a2005f7c/node_modules
288 silly gunzTarPerm extractEntry min/moment-with-locales.js
289 silly gunzTarPerm extractEntry lib/PoolSelector.js
290 silly gentlyRm /Users/yao/WebstormProjects/jk_backend/node_modules/.staging/consolidate-ae69261f/node_modules is being purged
291 verbose gentlyRm don't care about contents; nuking /Users/yao/WebstormProjects/jk_backend/node_modules/.staging/consolidate-ae69261f/node_modules
292 silly gunzTarPerm extractEntry lib/protocol/Auth.js
293 silly gunzTarPerm extractEntry lib/protocol/PacketHeader.js
294 silly gentlyRm /Users/yao/WebstormProjects/jk_backend/node_modules/.staging/qiniu-c7a46812/node_modules is being purged
295 verbose gentlyRm don't care about contents; nuking /Users/yao/WebstormProjects/jk_backend/node_modules/.staging/qiniu-c7a46812/node_modules
296 silly gunzTarPerm extractEntry min/moment-with-locales.min.js
297 silly gunzTarPerm extractEntry lib/protocol/PacketWriter.js
298 silly gunzTarPerm extractEntry lib/protocol/Parser.js
299 silly gunzTarPerm extractEntry lib/protocol/Protocol.js
300 silly gunzTarPerm extractEntry lib/protocol/ResultSet.js
301 silly gunzTarPerm extractEntry lib/protocol/SqlString.js
302 silly gunzTarPerm extractEntry lib/protocol/constants/charsets.js
303 silly gunzTarPerm extractEntry min/moment.min.js
304 silly gunzTarPerm extractEntry lib/protocol/constants/client.js
305 silly gunzTarPerm extractEntry lib/protocol/constants/errors.js
306 silly gunzTarPerm extractEntry lib/protocol/constants/field_flags.js
307 silly gunzTarPerm extractEntry locale/af.js
308 silly gunzTarPerm extractEntry lib/protocol/constants/server_status.js
309 silly gunzTarPerm extractEntry lib/protocol/constants/ssl_profiles.js
310 silly gunzTarPerm extractEntry lib/protocol/constants/types.js
311 silly gunzTarPerm extractEntry lib/protocol/packets/ClientAuthenticationPacket.js
312 silly gunzTarPerm extractEntry lib/protocol/packets/EofPacket.js
313 silly gunzTarPerm extractEntry locale/it.js
314 silly gunzTarPerm extractEntry locale/ja.js
315 silly gunzTarPerm extractEntry locale/jv.js
316 silly gunzTarPerm extractEntry locale/ka.js
317 silly gunzTarPerm extractEntry locale/is.js
318 silly gunzTarPerm extractEntry lib/protocol/packets/ErrorPacket.js
319 silly gunzTarPerm extractEntry lib/protocol/packets/Field.js
320 silly gunzTarPerm extractEntry lib/protocol/packets/EmptyPacket.js
321 silly gunzTarPerm extractEntry lib/protocol/packets/HandshakeInitializationPacket.js
322 silly gunzTarPerm extractEntry locale/km.js
323 silly gunzTarPerm extractEntry lib/protocol/packets/LocalDataFilePacket.js
324 silly gunzTarPerm extractEntry lib/protocol/packets/OkPacket.js
325 silly gunzTarPerm extractEntry locale/ko.js
326 silly gunzTarPerm extractEntry lib/protocol/packets/OldPasswordPacket.js
327 silly gunzTarPerm extractEntry lib/protocol/packets/ResultSetHeaderPacket.js
328 silly gunzTarPerm extractEntry locale/ky.js
329 silly gunzTarPerm extractEntry lib/protocol/packets/ComStatisticsPacket.js
330 silly gunzTarPerm extractEntry lib/protocol/packets/RowDataPacket.js
331 silly gunzTarPerm extractEntry lib/protocol/packets/ComQuitPacket.js
332 silly gunzTarPerm extractEntry lib/protocol/packets/SSLRequestPacket.js
333 silly gunzTarPerm extractEntry locale/lb.js
334 silly gunzTarPerm extractEntry lib/protocol/packets/ComQueryPacket.js
335 silly gunzTarPerm extractEntry lib/protocol/packets/StatisticsPacket.js
336 silly gunzTarPerm extractEntry locale/lo.js
337 silly gunzTarPerm extractEntry lib/protocol/packets/ComPingPacket.js
338 silly gunzTarPerm extractEntry lib/protocol/packets/UseOldPasswordPacket.js
339 silly gunzTarPerm extractEntry lib/protocol/packets/ComChangeUserPacket.js
340 silly gunzTarPerm extractEntry lib/protocol/packets/index.js
341 silly gunzTarPerm extractEntry lib/protocol/packets/FieldPacket.js
342 silly gunzTarPerm extractEntry locale/id.js
343 silly gunzTarPerm extractEntry lib/protocol/sequences/ChangeUser.js
344 silly gunzTarPerm extractEntry locale/lt.js
345 silly gunzTarPerm extractEntry lib/protocol/sequences/Handshake.js
346 silly gunzTarPerm extractEntry locale/hy-am.js
347 silly gunzTarPerm extractEntry lib/protocol/sequences/Ping.js
348 silly gunzTarPerm extractEntry locale/lv.js
349 silly gunzTarPerm extractEntry lib/protocol/sequences/Query.js
350 silly gunzTarPerm extractEntry locale/hu.js
351 silly gunzTarPerm extractEntry lib/protocol/sequences/Quit.js
352 silly gunzTarPerm extractEntry locale/me.js
353 silly gunzTarPerm extractEntry lib/protocol/sequences/Sequence.js
354 silly gunzTarPerm extractEntry locale/hr.js
355 silly gunzTarPerm extractEntry lib/protocol/sequences/Statistics.js
356 silly gunzTarPerm extractEntry locale/mi.js
357 silly gunzTarPerm extractEntry lib/protocol/sequences/index.js
358 silly gunzTarPerm extractEntry locale/hi.js
359 silly gunzTarPerm extractEntry locale/mk.js
360 silly gunzTarPerm extractEntry locale/he.js
361 silly gunzTarPerm extractEntry locale/ml.js
362 silly gentlyRm /Users/yao/WebstormProjects/jk_backend/node_modules/.staging/blueimp-md5-bb4b9091/node_modules is being purged
363 verbose gentlyRm don't care about contents; nuking /Users/yao/WebstormProjects/jk_backend/node_modules/.staging/blueimp-md5-bb4b9091/node_modules
364 silly gunzTarPerm extractEntry locale/gl.js
365 silly gunzTarPerm extractEntry locale/mr.js
366 silly gunzTarPerm extractEntry locale/gd.js
367 silly gunzTarPerm extractEntry locale/ms-my.js
368 silly gunzTarPerm extractEntry locale/fy.js
369 silly gunzTarPerm extractEntry locale/ms.js
370 silly gunzTarPerm extractEntry locale/fr.js
371 silly gunzTarPerm extractEntry locale/my.js
372 silly gunzTarPerm extractEntry locale/fr-ch.js
373 silly gunzTarPerm extractEntry locale/nb.js
374 silly gunzTarPerm extractEntry locale/fr-ca.js
375 silly gunzTarPerm extractEntry locale/ne.js
376 silly gunzTarPerm extractEntry locale/fo.js
377 silly gunzTarPerm extractEntry locale/nl.js
378 silly gunzTarPerm extractEntry locale/fi.js
379 silly gentlyRm /Users/yao/WebstormProjects/jk_backend/node_modules/.staging/mysql-bde6c6cb/node_modules is being purged
380 verbose gentlyRm don't care about contents; nuking /Users/yao/WebstormProjects/jk_backend/node_modules/.staging/mysql-bde6c6cb/node_modules
381 silly gunzTarPerm extractEntry locale/nn.js
382 silly gunzTarPerm extractEntry locale/fa.js
383 silly gunzTarPerm extractEntry locale/pa-in.js
384 silly gunzTarPerm extractEntry locale/eu.js
385 silly gunzTarPerm extractEntry locale/pl.js
386 silly gunzTarPerm extractEntry locale/et.js
387 silly gunzTarPerm extractEntry locale/pt-br.js
388 silly gunzTarPerm extractEntry locale/es.js
389 silly gunzTarPerm extractEntry locale/pt.js
390 silly gunzTarPerm extractEntry locale/es-do.js
391 silly gunzTarPerm extractEntry locale/ro.js
392 silly gunzTarPerm extractEntry locale/eo.js
393 silly gunzTarPerm extractEntry locale/ru.js
394 silly gunzTarPerm extractEntry locale/en-nz.js
395 silly gunzTarPerm extractEntry locale/se.js
396 silly gunzTarPerm extractEntry locale/en-ie.js
397 silly gunzTarPerm extractEntry locale/si.js
398 silly gunzTarPerm extractEntry locale/en-gb.js
399 silly gunzTarPerm extractEntry locale/sk.js
400 silly gunzTarPerm extractEntry locale/en-ca.js
401 silly gunzTarPerm extractEntry locale/sl.js
402 silly gunzTarPerm extractEntry locale/en-au.js
403 silly gunzTarPerm extractEntry locale/sq.js
404 silly gunzTarPerm extractEntry locale/el.js
405 silly gunzTarPerm extractEntry locale/sr-cyrl.js
406 silly gunzTarPerm extractEntry locale/dv.js
407 silly gunzTarPerm extractEntry locale/sr.js
408 silly gunzTarPerm extractEntry locale/de.js
409 silly gunzTarPerm extractEntry locale/ss.js
410 silly gunzTarPerm extractEntry locale/de-at.js
411 silly gunzTarPerm extractEntry locale/sv.js
412 silly gunzTarPerm extractEntry locale/da.js
413 silly gunzTarPerm extractEntry locale/sw.js
414 silly gunzTarPerm extractEntry locale/cy.js
415 silly gunzTarPerm extractEntry locale/ta.js
416 silly gunzTarPerm extractEntry locale/cv.js
417 silly gunzTarPerm extractEntry locale/te.js
418 silly gunzTarPerm extractEntry locale/cs.js
419 silly gunzTarPerm extractEntry locale/th.js
420 silly gunzTarPerm extractEntry locale/ca.js
421 silly gunzTarPerm extractEntry locale/tl-ph.js
422 silly gunzTarPerm extractEntry locale/bs.js
423 silly gunzTarPerm extractEntry locale/tlh.js
424 silly gunzTarPerm extractEntry locale/br.js
425 silly gunzTarPerm extractEntry locale/tr.js
426 silly gunzTarPerm extractEntry locale/bo.js
427 silly gunzTarPerm extractEntry locale/tzl.js
428 silly gunzTarPerm extractEntry locale/bn.js
429 silly gunzTarPerm extractEntry locale/tzm-latn.js
430 silly gunzTarPerm extractEntry locale/bg.js
431 silly gunzTarPerm extractEntry locale/tzm.js
432 silly gunzTarPerm extractEntry locale/be.js
433 silly gunzTarPerm extractEntry locale/uk.js
434 silly gunzTarPerm extractEntry locale/az.js
435 silly gunzTarPerm extractEntry locale/uz.js
436 silly gunzTarPerm extractEntry locale/ar.js
437 silly gunzTarPerm extractEntry locale/vi.js
438 silly gunzTarPerm extractEntry locale/ar-tn.js
439 silly gunzTarPerm extractEntry locale/x-pseudo.js
440 silly gunzTarPerm extractEntry locale/ar-sa.js
441 silly gunzTarPerm extractEntry locale/zh-cn.js
442 silly gunzTarPerm extractEntry locale/ar-ma.js
443 silly gunzTarPerm extractEntry locale/zh-hk.js
444 silly gunzTarPerm extractEntry locale/ar-ly.js
445 silly gunzTarPerm extractEntry locale/zh-tw.js
446 silly gunzTarPerm extractEntry locale/kk.js
447 silly gunzTarPerm extractEntry CHANGELOG.md
448 silly gunzTarPerm extractEntry moment.d.ts
449 silly gunzTarPerm extractEntry src/moment.js
450 silly gunzTarPerm extractEntry src/lib/create/check-overflow.js
451 silly gunzTarPerm extractEntry src/lib/create/from-anything.js
452 silly gunzTarPerm extractEntry src/lib/create/from-array.js
453 silly gunzTarPerm extractEntry src/lib/create/from-object.js
454 silly gunzTarPerm extractEntry src/lib/create/from-string-and-array.js
455 silly gunzTarPerm extractEntry src/lib/create/date-from-array.js
456 silly gunzTarPerm extractEntry src/lib/create/from-string.js
457 silly gunzTarPerm extractEntry src/lib/create/local.js
458 silly gunzTarPerm extractEntry src/lib/create/parsing-flags.js
459 silly gunzTarPerm extractEntry src/lib/create/utc.js
460 silly gunzTarPerm extractEntry src/lib/create/valid.js
461 silly gunzTarPerm extractEntry src/lib/create/from-string-and-format.js
462 silly gunzTarPerm extractEntry src/lib/duration/abs.js
463 silly gunzTarPerm extractEntry src/lib/duration/as.js
464 silly gunzTarPerm extractEntry src/lib/duration/bubble.js
465 silly gunzTarPerm extractEntry src/lib/duration/constructor.js
466 silly gunzTarPerm extractEntry src/lib/duration/add-subtract.js
467 silly gunzTarPerm extractEntry src/lib/duration/duration.js
468 silly gunzTarPerm extractEntry src/lib/duration/get.js
469 silly gunzTarPerm extractEntry src/lib/duration/humanize.js
470 silly gunzTarPerm extractEntry src/lib/duration/iso-string.js
471 silly gunzTarPerm extractEntry src/lib/duration/prototype.js
472 silly gunzTarPerm extractEntry src/lib/duration/create.js
473 silly gunzTarPerm extractEntry src/lib/format/format.js
474 silly gunzTarPerm extractEntry src/lib/locale/base-config.js
475 silly gunzTarPerm extractEntry src/lib/locale/en.js
476 silly gunzTarPerm extractEntry src/lib/locale/formats.js
477 silly gunzTarPerm extractEntry src/lib/locale/invalid.js
478 silly gunzTarPerm extractEntry src/lib/locale/lists.js
479 silly gunzTarPerm extractEntry src/lib/locale/constructor.js
480 silly gunzTarPerm extractEntry src/lib/locale/locales.js
481 silly gunzTarPerm extractEntry src/lib/locale/ordinal.js
482 silly gunzTarPerm extractEntry src/lib/locale/pre-post-format.js
483 silly gunzTarPerm extractEntry src/lib/locale/prototype.js
484 silly gunzTarPerm extractEntry src/lib/locale/relative.js
485 silly gunzTarPerm extractEntry src/lib/locale/calendar.js
486 silly gunzTarPerm extractEntry src/lib/locale/set.js
487 silly gunzTarPerm extractEntry src/lib/locale/locale.js
488 silly gunzTarPerm extractEntry src/lib/moment/add-subtract.js
489 silly gunzTarPerm extractEntry src/lib/moment/diff.js
490 silly gunzTarPerm extractEntry src/lib/moment/format.js
491 silly gunzTarPerm extractEntry src/lib/moment/from.js
492 silly gunzTarPerm extractEntry src/lib/moment/creation-data.js
493 silly gunzTarPerm extractEntry src/lib/moment/locale.js
494 silly gunzTarPerm extractEntry src/lib/moment/min-max.js
495 silly gunzTarPerm extractEntry src/lib/moment/moment.js
496 silly gunzTarPerm extractEntry src/lib/moment/now.js
497 silly gunzTarPerm extractEntry src/lib/moment/prototype.js
498 silly gunzTarPerm extractEntry src/lib/moment/constructor.js
499 silly gunzTarPerm extractEntry src/lib/moment/start-end-of.js
500 silly gunzTarPerm extractEntry src/lib/moment/compare.js
501 silly gunzTarPerm extractEntry src/lib/moment/to-type.js
502 silly gunzTarPerm extractEntry src/lib/moment/clone.js
503 silly gunzTarPerm extractEntry src/lib/moment/to.js
504 silly gunzTarPerm extractEntry src/lib/moment/calendar.js
505 silly gunzTarPerm extractEntry src/lib/moment/valid.js
506 silly gunzTarPerm extractEntry src/lib/moment/get-set.js
507 silly gunzTarPerm extractEntry src/lib/parse/regex.js
508 silly gunzTarPerm extractEntry src/lib/parse/token.js
509 silly gunzTarPerm extractEntry src/lib/units/aliases.js
510 silly gunzTarPerm extractEntry src/lib/units/millisecond.js
511 silly gunzTarPerm extractEntry src/lib/units/minute.js
512 silly gunzTarPerm extractEntry src/lib/units/month.js
513 silly gunzTarPerm extractEntry src/lib/units/offset.js
514 silly gunzTarPerm extractEntry src/lib/units/hour.js
515 silly gunzTarPerm extractEntry src/lib/units/quarter.js
516 silly gunzTarPerm extractEntry src/lib/units/second.js
517 silly gunzTarPerm extractEntry src/lib/units/timestamp.js
518 silly gunzTarPerm extractEntry src/lib/units/timezone.js
519 silly gunzTarPerm extractEntry src/lib/units/units.js
520 silly gunzTarPerm extractEntry src/lib/units/day-of-year.js
521 silly gunzTarPerm extractEntry src/lib/units/week-calendar-utils.js
522 silly gunzTarPerm extractEntry src/lib/units/day-of-week.js
523 silly gunzTarPerm extractEntry src/lib/units/week-year.js
524 silly gunzTarPerm extractEntry src/lib/units/day-of-month.js
525 silly gunzTarPerm extractEntry src/lib/units/week.js
526 silly gunzTarPerm extractEntry src/lib/units/constants.js
527 silly gunzTarPerm extractEntry src/lib/units/year.js
528 silly gunzTarPerm extractEntry src/lib/units/priorities.js
529 silly gunzTarPerm extractEntry src/lib/utils/abs-ceil.js
530 silly gunzTarPerm extractEntry src/lib/utils/has-own-prop.js
531 silly gunzTarPerm extractEntry src/lib/utils/hooks.js
532 silly gunzTarPerm extractEntry src/lib/utils/index-of.js
533 silly gunzTarPerm extractEntry src/lib/utils/extend.js
534 silly gunzTarPerm extractEntry src/lib/utils/is-date.js
535 silly gunzTarPerm extractEntry src/lib/utils/is-function.js
536 silly gunzTarPerm extractEntry src/lib/utils/is-object-empty.js
537 silly gunzTarPerm extractEntry src/lib/utils/is-object.js
538 silly gunzTarPerm extractEntry src/lib/utils/is-undefined.js
539 silly gunzTarPerm extractEntry src/lib/utils/deprecate.js
540 silly gunzTarPerm extractEntry src/lib/utils/keys.js
541 silly gunzTarPerm extractEntry src/lib/utils/defaults.js
542 silly gunzTarPerm extractEntry src/lib/utils/map.js
543 silly gunzTarPerm extractEntry src/lib/utils/compare-arrays.js
544 silly gunzTarPerm extractEntry src/lib/utils/some.js
545 silly gunzTarPerm extractEntry src/lib/utils/abs-round.js
546 silly gunzTarPerm extractEntry src/lib/utils/to-int.js
547 silly gunzTarPerm extractEntry src/lib/utils/abs-floor.js
548 silly gunzTarPerm extractEntry src/lib/utils/zero-fill.js
549 silly gunzTarPerm extractEntry src/lib/utils/is-array.js
550 silly gunzTarPerm extractEntry src/locale/af.js
551 silly gunzTarPerm extractEntry src/locale/it.js
552 silly gunzTarPerm extractEntry src/locale/ja.js
553 silly gunzTarPerm extractEntry src/locale/jv.js
554 silly gunzTarPerm extractEntry src/locale/ka.js
555 silly gunzTarPerm extractEntry src/locale/is.js
556 silly gunzTarPerm extractEntry src/locale/km.js
557 silly gunzTarPerm extractEntry src/locale/ko.js
558 silly gunzTarPerm extractEntry src/locale/ky.js
559 silly gunzTarPerm extractEntry src/locale/lb.js
560 silly gunzTarPerm extractEntry src/locale/lo.js
561 silly gunzTarPerm extractEntry src/locale/id.js
562 silly gunzTarPerm extractEntry src/locale/lt.js
563 silly gunzTarPerm extractEntry src/locale/hy-am.js
564 silly gunzTarPerm extractEntry src/locale/lv.js
565 silly gunzTarPerm extractEntry src/locale/hu.js
566 silly gunzTarPerm extractEntry src/locale/me.js
567 silly gunzTarPerm extractEntry src/locale/hr.js
568 silly gunzTarPerm extractEntry src/locale/mi.js
569 silly gunzTarPerm extractEntry src/locale/hi.js
570 silly gunzTarPerm extractEntry src/locale/mk.js
571 silly gunzTarPerm extractEntry src/locale/he.js
572 silly gunzTarPerm extractEntry src/locale/ml.js
573 silly gunzTarPerm extractEntry src/locale/gl.js
574 silly gunzTarPerm extractEntry src/locale/mr.js
575 silly gunzTarPerm extractEntry src/locale/gd.js
576 silly gunzTarPerm extractEntry src/locale/ms-my.js
577 silly gunzTarPerm extractEntry src/locale/fy.js
578 silly gunzTarPerm extractEntry src/locale/ms.js
579 silly gunzTarPerm extractEntry src/locale/fr.js
580 silly gunzTarPerm extractEntry src/locale/my.js
581 silly gunzTarPerm extractEntry src/locale/fr-ch.js
582 silly gunzTarPerm extractEntry src/locale/nb.js
583 silly gunzTarPerm extractEntry src/locale/fr-ca.js
584 silly gunzTarPerm extractEntry src/locale/ne.js
585 silly gunzTarPerm extractEntry src/locale/fo.js
586 silly gunzTarPerm extractEntry src/locale/nl.js
587 silly gunzTarPerm extractEntry src/locale/fi.js
588 silly gunzTarPerm extractEntry src/locale/nn.js
589 silly gunzTarPerm extractEntry src/locale/fa.js
590 silly gunzTarPerm extractEntry src/locale/pa-in.js
591 silly gunzTarPerm extractEntry src/locale/eu.js
592 silly gunzTarPerm extractEntry src/locale/pl.js
593 silly gunzTarPerm extractEntry src/locale/et.js
594 silly gunzTarPerm extractEntry src/locale/pt-br.js
595 silly gunzTarPerm extractEntry src/locale/es.js
596 silly gunzTarPerm extractEntry src/locale/pt.js
597 silly gunzTarPerm extractEntry src/locale/es-do.js
598 silly gunzTarPerm extractEntry src/locale/ro.js
599 silly gunzTarPerm extractEntry src/locale/eo.js
600 silly gunzTarPerm extractEntry src/locale/ru.js
601 silly gunzTarPerm extractEntry src/locale/en-nz.js
602 silly gunzTarPerm extractEntry src/locale/se.js
603 silly gunzTarPerm extractEntry src/locale/en-ie.js
604 silly gunzTarPerm extractEntry src/locale/si.js
605 silly gunzTarPerm extractEntry src/locale/en-gb.js
606 silly gunzTarPerm extractEntry src/locale/sk.js
607 silly gunzTarPerm extractEntry src/locale/en-ca.js
608 silly gunzTarPerm extractEntry src/locale/sl.js
609 silly gunzTarPerm extractEntry src/locale/en-au.js
610 silly gunzTarPerm extractEntry src/locale/sq.js
611 silly gunzTarPerm extractEntry src/locale/el.js
612 silly gunzTarPerm extractEntry src/locale/sr-cyrl.js
613 silly gunzTarPerm extractEntry src/locale/dv.js
614 silly gunzTarPerm extractEntry src/locale/sr.js
615 silly gunzTarPerm extractEntry src/locale/de.js
616 silly gunzTarPerm extractEntry src/locale/ss.js
617 silly gunzTarPerm extractEntry src/locale/de-at.js
618 silly gunzTarPerm extractEntry src/locale/sv.js
619 silly gunzTarPerm extractEntry src/locale/da.js
620 silly gunzTarPerm extractEntry src/locale/sw.js
621 silly gunzTarPerm extractEntry src/locale/cy.js
622 silly gunzTarPerm extractEntry src/locale/ta.js
623 silly gunzTarPerm extractEntry src/locale/cv.js
624 silly gunzTarPerm extractEntry src/locale/te.js
625 silly gunzTarPerm extractEntry src/locale/cs.js
626 silly gunzTarPerm extractEntry src/locale/th.js
627 silly gunzTarPerm extractEntry src/locale/ca.js
628 silly gunzTarPerm extractEntry src/locale/tl-ph.js
629 silly gunzTarPerm extractEntry src/locale/bs.js
630 silly gunzTarPerm extractEntry src/locale/tlh.js
631 silly gunzTarPerm extractEntry src/locale/br.js
632 silly gunzTarPerm extractEntry src/locale/tr.js
633 silly gunzTarPerm extractEntry src/locale/bo.js
634 silly gunzTarPerm extractEntry src/locale/tzl.js
635 silly gunzTarPerm extractEntry src/locale/bn.js
636 silly gunzTarPerm extractEntry src/locale/tzm-latn.js
637 silly gunzTarPerm extractEntry src/locale/bg.js
638 silly gunzTarPerm extractEntry src/locale/tzm.js
639 silly gunzTarPerm extractEntry src/locale/be.js
640 silly gunzTarPerm extractEntry src/locale/uk.js
641 silly gunzTarPerm extractEntry src/locale/az.js
642 silly gunzTarPerm extractEntry src/locale/uz.js
643 silly gunzTarPerm extractEntry src/locale/ar.js
644 silly gunzTarPerm extractEntry src/locale/vi.js
645 silly gunzTarPerm extractEntry src/locale/ar-tn.js
646 silly gunzTarPerm extractEntry src/locale/x-pseudo.js
647 silly gunzTarPerm extractEntry src/locale/ar-sa.js
648 silly gunzTarPerm extractEntry src/locale/zh-cn.js
649 silly gunzTarPerm extractEntry src/locale/ar-ma.js
650 silly gunzTarPerm extractEntry src/locale/zh-hk.js
651 silly gunzTarPerm extractEntry src/locale/ar-ly.js
652 silly gunzTarPerm extractEntry src/locale/zh-tw.js
653 silly gunzTarPerm extractEntry src/locale/kk.js
654 silly gentlyRm /Users/yao/WebstormProjects/jk_backend/node_modules/.staging/moment-a08c696c/node_modules is being purged
655 verbose gentlyRm don't care about contents; nuking /Users/yao/WebstormProjects/jk_backend/node_modules/.staging/moment-a08c696c/node_modules
656 silly gunzTarPerm extractEntry data/geoip-city.dat
657 silly gunzTarPerm extractEntry data/geoip-city6.dat
658 silly gunzTarPerm extractEntry data/geoip-country.dat
659 silly gunzTarPerm extractEntry data/geoip-country6.dat
660 silly gunzTarPerm extractEntry lib/fsWatcher.js
661 silly gunzTarPerm extractEntry lib/geoip.js
662 silly gunzTarPerm extractEntry lib/utils.js
663 silly gunzTarPerm extractEntry scripts/updatedb.js
664 silly gunzTarPerm extractEntry test/geo-lookup.js
665 silly gunzTarPerm extractEntry test/tests.js
666 silly gentlyRm /Users/yao/WebstormProjects/jk_backend/node_modules/.staging/geoip-lite-54bd1924/node_modules is being purged
667 verbose gentlyRm don't care about contents; nuking /Users/yao/WebstormProjects/jk_backend/node_modules/.staging/geoip-lite-54bd1924/node_modules
668 silly doParallel preinstall 9
669 silly preinstall blueimp-md5@2.3.0 /Users/yao/WebstormProjects/jk_backend/node_modules/.staging/blueimp-md5-bb4b9091
670 info lifecycle blueimp-md5@2.3.0~preinstall: blueimp-md5@2.3.0
671 silly preinstall connect-busboy@0.0.2 /Users/yao/WebstormProjects/jk_backend/node_modules/.staging/connect-busboy-169f987d
672 info lifecycle connect-busboy@0.0.2~preinstall: connect-busboy@0.0.2
673 silly preinstall consolidate@0.14.1 /Users/yao/WebstormProjects/jk_backend/node_modules/.staging/consolidate-ae69261f
674 info lifecycle consolidate@0.14.1~preinstall: consolidate@0.14.1
675 silly preinstall easyimage@2.1.0 /Users/yao/WebstormProjects/jk_backend/node_modules/.staging/easyimage-a2005f7c
676 info lifecycle easyimage@2.1.0~preinstall: easyimage@2.1.0
677 silly preinstall express-mailer@0.3.1 /Users/yao/WebstormProjects/jk_backend/node_modules/.staging/express-mailer-7d3e87a3
678 info lifecycle express-mailer@0.3.1~preinstall: express-mailer@0.3.1
679 silly preinstall geoip-lite@1.1.8 /Users/yao/WebstormProjects/jk_backend/node_modules/.staging/geoip-lite-54bd1924
680 info lifecycle geoip-lite@1.1.8~preinstall: geoip-lite@1.1.8
681 silly preinstall moment@2.15.2 /Users/yao/WebstormProjects/jk_backend/node_modules/.staging/moment-a08c696c
682 info lifecycle moment@2.15.2~preinstall: moment@2.15.2
683 silly preinstall mysql@2.10.2 /Users/yao/WebstormProjects/jk_backend/node_modules/.staging/mysql-bde6c6cb
684 info lifecycle mysql@2.10.2~preinstall: mysql@2.10.2
685 silly preinstall qiniu@6.1.11 /Users/yao/WebstormProjects/jk_backend/node_modules/.staging/qiniu-c7a46812
686 info lifecycle qiniu@6.1.11~preinstall: qiniu@6.1.11
687 silly lifecycle blueimp-md5@2.3.0~preinstall: no script for preinstall, continuing
688 silly lifecycle connect-busboy@0.0.2~preinstall: no script for preinstall, continuing
689 silly lifecycle consolidate@0.14.1~preinstall: no script for preinstall, continuing
690 silly lifecycle easyimage@2.1.0~preinstall: no script for preinstall, continuing
691 silly lifecycle express-mailer@0.3.1~preinstall: no script for preinstall, continuing
692 silly lifecycle geoip-lite@1.1.8~preinstall: no script for preinstall, continuing
693 silly lifecycle moment@2.15.2~preinstall: no script for preinstall, continuing
694 silly lifecycle mysql@2.10.2~preinstall: no script for preinstall, continuing
695 silly lifecycle qiniu@6.1.11~preinstall: no script for preinstall, continuing
696 silly doReverseSerial remove 0
697 silly doSerial move 0
698 silly doSerial finalize 9
699 silly finalize /Users/yao/WebstormProjects/jk_backend/node_modules/blueimp-md5
700 silly finalize /Users/yao/WebstormProjects/jk_backend/node_modules/connect-busboy
701 silly finalize /Users/yao/WebstormProjects/jk_backend/node_modules/consolidate
702 silly finalize /Users/yao/WebstormProjects/jk_backend/node_modules/easyimage
703 silly finalize /Users/yao/WebstormProjects/jk_backend/node_modules/express-mailer
704 silly finalize /Users/yao/WebstormProjects/jk_backend/node_modules/geoip-lite
705 silly finalize /Users/yao/WebstormProjects/jk_backend/node_modules/moment
706 silly finalize /Users/yao/WebstormProjects/jk_backend/node_modules/mysql
707 silly finalize /Users/yao/WebstormProjects/jk_backend/node_modules/qiniu
708 verbose unlock done using /Users/yao/.npm/_locks/staging-3a3fce62cba102ce.lock for /Users/yao/WebstormProjects/jk_backend/node_modules/.staging
709 silly rollbackFailedOptional Starting
710 silly rollbackFailedOptional Finishing
711 silly runTopLevelLifecycles Starting
712 silly runTopLevelLifecycles Finishing
713 silly install printInstalled
714 verbose stack Error: ENOTEMPTY, rename '/Users/yao/WebstormProjects/jk_backend/node_modules/.qiniu.DELETE'
714 verbose stack     at moveAway (/usr/local/lib/node_modules/npm/lib/install/action/finalize.js:38:5)
714 verbose stack     at destStatted (/usr/local/lib/node_modules/npm/lib/install/action/finalize.js:27:7)
714 verbose stack     at Object.oncomplete (fs.js:108:15)
714 verbose stack
714 verbose stack Error: ENOTEMPTY, rename '/Users/yao/WebstormProjects/jk_backend/node_modules/.qiniu.DELETE'
715 verbose cwd /Users/yao/WebstormProjects/jk_backend
716 error Darwin 15.6.0
717 error argv "node" "/usr/local/bin/npm" "install"
718 error node v0.10.35
719 error npm  v3.8.5
720 error path /Users/yao/WebstormProjects/jk_backend/node_modules/.qiniu.DELETE
721 error code ENOTEMPTY
722 error errno 53
723 error ENOTEMPTY, rename '/Users/yao/WebstormProjects/jk_backend/node_modules/.qiniu.DELETE'
724 error If you need help, you may report this error at:
724 error     <https://github.com/npm/npm/issues>
725 verbose exit [ 53, true ]
